<?xml version="1.0" encoding="UTF-8"?>
<!-- Generated by org.testng.reporters.JUnitReportReporter -->
<testsuite skipped="0" hostname="DESKTOP-4IUCBQJ" name="qaclickacademy.WebTest" tests="1" failures="0" timestamp="2021-06-19T13:43:25 IST" time="0.003" errors="0">
  <testcase name="pqr" time="0.003" classname="qaclickacademy.WebTest"/>
  <system-out/>
</testsuite> <!-- qaclickacademy.WebTest -->
