<?xml version="1.0" encoding="UTF-8"?>
<!-- Generated by org.testng.reporters.JUnitReportReporter -->
<testsuite skipped="0" hostname="DESKTOP-4IUCBQJ" name="qaclickacademy.SeleniumTest" tests="1" failures="0" timestamp="2021-06-19T13:43:26 IST" time="0.006" errors="0">
  <testcase name="Webtest" time="0.006" classname="qaclickacademy.SeleniumTest"/>
  <system-out/>
</testsuite> <!-- qaclickacademy.SeleniumTest -->
