<?xml version="1.0" encoding="UTF-8"?>
<!-- Generated by org.testng.reporters.JUnitReportReporter -->
<testsuite skipped="0" hostname="DESKTOP-4IUCBQJ" name="qaclickacademy.AppiumTest" tests="3" failures="0" timestamp="2021-06-19T13:43:26 IST" time="0.010" errors="0">
  <testcase name="NativeAppAndroid" time="0.000" classname="qaclickacademy.AppiumTest"/>
  <system-out/>
  <testcase name="subhajit" time="0.001" classname="qaclickacademy.AppiumTest"/>
  <system-out/>
  <testcase name="IosApps" time="0.009" classname="qaclickacademy.AppiumTest"/>
  <system-out/>
</testsuite> <!-- qaclickacademy.AppiumTest -->
