<?xml version="1.0" encoding="UTF-8"?>
<!-- Generated by org.testng.reporters.JUnitReportReporter -->
<testsuite skipped="0" hostname="DESKTOP-4IUCBQJ" name="qaclickacademy.JiraTest" tests="3" failures="0" timestamp="2021-06-19T13:43:25 IST" time="0.004" errors="0">
  <testcase name="Abcd" time="0.003" classname="qaclickacademy.JiraTest"/>
  <system-out/>
  <testcase name="XYZ" time="0.000" classname="qaclickacademy.JiraTest"/>
  <system-out/>
  <testcase name="DEF" time="0.001" classname="qaclickacademy.JiraTest"/>
  <system-out/>
</testsuite> <!-- qaclickacademy.JiraTest -->
